
> blood-pressure-tracker@0.1.0 api
> npm run build --silent && node dist/api-main.js

[32m[Nest] 29804  - [39m05/29/2026, 8:15:04 PM [32m    LOG[39m [38;5;3m[NestFactory] [39m[32mStarting Nest application...[39m
[32m[Nest] 29804  - [39m05/29/2026, 8:15:04 PM [32m    LOG[39m [38;5;3m[InstanceLoader] [39m[32mApiModule dependencies initialized[39m[38;5;3m +6ms[39m
[32m[Nest] 29804  - [39m05/29/2026, 8:15:04 PM [32m    LOG[39m [38;5;3m[RoutesResolver] [39m[32mAuthController {/api/v1}:[39m[38;5;3m +1ms[39m
[32m[Nest] 29804  - [39m05/29/2026, 8:15:04 PM [32m    LOG[39m [38;5;3m[RouterExplorer] [39m[32mMapped {/api/v1/signin, POST} route[39m[38;5;3m +1ms[39m
[32m[Nest] 29804  - [39m05/29/2026, 8:15:04 PM [32m    LOG[39m [38;5;3m[RouterExplorer] [39m[32mMapped {/api/v1/login, POST} route[39m[38;5;3m +0ms[39m
[32m[Nest] 29804  - [39m05/29/2026, 8:15:04 PM [32m    LOG[39m [38;5;3m[RoutesResolver] [39m[32mMeasurementsController {/api/v1/measurements}:[39m[38;5;3m +0ms[39m
[32m[Nest] 29804  - [39m05/29/2026, 8:15:04 PM [32m    LOG[39m [38;5;3m[RouterExplorer] [39m[32mMapped {/api/v1/measurements, POST} route[39m[38;5;3m +1ms[39m
[32m[Nest] 29804  - [39m05/29/2026, 8:15:04 PM [32m    LOG[39m [38;5;3m[RouterExplorer] [39m[32mMapped {/api/v1/measurements, GET} route[39m[38;5;3m +0ms[39m
[32m[Nest] 29804  - [39m05/29/2026, 8:15:04 PM [32m    LOG[39m [38;5;3m[RouterExplorer] [39m[32mMapped {/api/v1/measurements/:id, GET} route[39m[38;5;3m +0ms[39m
[32m[Nest] 29804  - [39m05/29/2026, 8:15:04 PM [32m    LOG[39m [38;5;3m[RouterExplorer] [39m[32mMapped {/api/v1/measurements/:id/image, GET} route[39m[38;5;3m +1ms[39m
[32m[Nest] 29804  - [39m05/29/2026, 8:15:04 PM [32m    LOG[39m [38;5;3m[RouterExplorer] [39m[32mMapped {/api/v1/measurements/:id/save, POST} route[39m[38;5;3m +0ms[39m
[32m[Nest] 29804  - [39m05/29/2026, 8:15:04 PM [32m    LOG[39m [38;5;3m[NestApplication] [39m[32mNest application successfully started[39m[38;5;3m +0ms[39m
[95m[Nest] 29804  - [39m05/29/2026, 8:15:21 PM [95m  DEBUG[39m [38;5;3m[HttpRequest] [39m[95m{"level":"debug","method":"POST","path":"/api/v1/signin","statusCode":201,"durationMs":193}[39m
[95m[Nest] 29804  - [39m05/29/2026, 8:15:30 PM [95m  DEBUG[39m [38;5;3m[HttpRequest] [39m[95m{"level":"debug","method":"POST","path":"/api/v1/measurements","statusCode":201,"durationMs":44}[39m
[95m[Nest] 29804  - [39m05/29/2026, 8:15:30 PM [95m  DEBUG[39m [38;5;3m[HttpRequest] [39m[95m{"level":"debug","method":"GET","path":"/api/v1/measurements?page=1&pageSize=20","statusCode":200,"durationMs":14}[39m
[95m[Nest] 29804  - [39m05/29/2026, 8:15:49 PM [95m  DEBUG[39m [38;5;3m[HttpRequest] [39m[95m{"level":"debug","method":"POST","path":"/api/v1/login","statusCode":201,"durationMs":176}[39m
[95m[Nest] 29804  - [39m05/29/2026, 8:15:51 PM [95m  DEBUG[39m [38;5;3m[HttpRequest] [39m[95m{"level":"debug","method":"POST","path":"/api/v1/measurements","statusCode":201,"durationMs":21}[39m
[95m[Nest] 29804  - [39m05/29/2026, 8:15:51 PM [95m  DEBUG[39m [38;5;3m[HttpRequest] [39m[95m{"level":"debug","method":"GET","path":"/api/v1/measurements?page=1&pageSize=20","statusCode":200,"durationMs":8}[39m
